[2021-11-12 14:38:30] local.ERROR: Cannot redeclare getFooter() (previously declared in X:\projects\21 service pro\base\server\app\helpers.php:9) {"exception":"[object] (Symfony\\Component\\ErrorHandler\\Error\\FatalError(code: 0): Cannot redeclare getFooter() (previously declared in X:\\projects\\21 service pro\\base\\server\\app\\helpers.php:9) at X:\\projects\\21 service pro\\base\\server\\app\\helpers.php:7)
[stacktrace]
#0 {main}
"} 
[2021-11-12 14:39:05] local.ERROR: Cannot redeclare getFooter() (previously declared in X:\projects\21 service pro\base\server\app\helpers.php:9) {"exception":"[object] (Symfony\\Component\\ErrorHandler\\Error\\FatalError(code: 0): Cannot redeclare getFooter() (previously declared in X:\\projects\\21 service pro\\base\\server\\app\\helpers.php:9) at X:\\projects\\21 service pro\\base\\server\\app\\helpers.php:7)
[stacktrace]
#0 {main}
"} 
[2021-11-12 14:40:05] local.ERROR: Cannot redeclare getFooter() (previously declared in X:\projects\21 service pro\base\server\app\helpers.php:9) {"exception":"[object] (Symfony\\Component\\ErrorHandler\\Error\\FatalError(code: 0): Cannot redeclare getFooter() (previously declared in X:\\projects\\21 service pro\\base\\server\\app\\helpers.php:9) at X:\\projects\\21 service pro\\base\\server\\app\\helpers.php:7)
[stacktrace]
#0 {main}
"} 
[2021-11-12 14:41:05] local.ERROR: Cannot redeclare getFooter() (previously declared in X:\projects\21 service pro\base\server\app\helpers.php:9) {"exception":"[object] (Symfony\\Component\\ErrorHandler\\Error\\FatalError(code: 0): Cannot redeclare getFooter() (previously declared in X:\\projects\\21 service pro\\base\\server\\app\\helpers.php:9) at X:\\projects\\21 service pro\\base\\server\\app\\helpers.php:7)
[stacktrace]
#0 {main}
"} 
[2021-11-12 14:42:05] local.ERROR: Cannot redeclare getFooter() (previously declared in X:\projects\21 service pro\base\server\app\helpers.php:9) {"exception":"[object] (Symfony\\Component\\ErrorHandler\\Error\\FatalError(code: 0): Cannot redeclare getFooter() (previously declared in X:\\projects\\21 service pro\\base\\server\\app\\helpers.php:9) at X:\\projects\\21 service pro\\base\\server\\app\\helpers.php:7)
[stacktrace]
#0 {main}
"} 
[2021-11-12 14:43:05] local.ERROR: Cannot redeclare getFooter() (previously declared in X:\projects\21 service pro\base\server\app\helpers.php:9) {"exception":"[object] (Symfony\\Component\\ErrorHandler\\Error\\FatalError(code: 0): Cannot redeclare getFooter() (previously declared in X:\\projects\\21 service pro\\base\\server\\app\\helpers.php:9) at X:\\projects\\21 service pro\\base\\server\\app\\helpers.php:7)
[stacktrace]
#0 {main}
"} 
[2021-11-12 14:44:05] local.ERROR: Cannot redeclare getFooter() (previously declared in X:\projects\21 service pro\base\server\app\helpers.php:9) {"exception":"[object] (Symfony\\Component\\ErrorHandler\\Error\\FatalError(code: 0): Cannot redeclare getFooter() (previously declared in X:\\projects\\21 service pro\\base\\server\\app\\helpers.php:9) at X:\\projects\\21 service pro\\base\\server\\app\\helpers.php:7)
[stacktrace]
#0 {main}
"} 
[2021-11-12 14:45:05] local.ERROR: Cannot redeclare getFooter() (previously declared in X:\projects\21 service pro\base\server\app\helpers.php:9) {"exception":"[object] (Symfony\\Component\\ErrorHandler\\Error\\FatalError(code: 0): Cannot redeclare getFooter() (previously declared in X:\\projects\\21 service pro\\base\\server\\app\\helpers.php:9) at X:\\projects\\21 service pro\\base\\server\\app\\helpers.php:7)
[stacktrace]
#0 {main}
"} 
[2021-11-12 14:46:05] local.ERROR: Cannot redeclare getFooter() (previously declared in X:\projects\21 service pro\base\server\app\helpers.php:9) {"exception":"[object] (Symfony\\Component\\ErrorHandler\\Error\\FatalError(code: 0): Cannot redeclare getFooter() (previously declared in X:\\projects\\21 service pro\\base\\server\\app\\helpers.php:9) at X:\\projects\\21 service pro\\base\\server\\app\\helpers.php:7)
[stacktrace]
#0 {main}
"} 
[2021-11-12 14:47:05] local.ERROR: Cannot redeclare getFooter() (previously declared in X:\projects\21 service pro\base\server\app\helpers.php:9) {"exception":"[object] (Symfony\\Component\\ErrorHandler\\Error\\FatalError(code: 0): Cannot redeclare getFooter() (previously declared in X:\\projects\\21 service pro\\base\\server\\app\\helpers.php:9) at X:\\projects\\21 service pro\\base\\server\\app\\helpers.php:7)
[stacktrace]
#0 {main}
"} 
[2021-11-12 14:48:05] local.ERROR: Cannot redeclare getFooter() (previously declared in X:\projects\21 service pro\base\server\app\helpers.php:9) {"exception":"[object] (Symfony\\Component\\ErrorHandler\\Error\\FatalError(code: 0): Cannot redeclare getFooter() (previously declared in X:\\projects\\21 service pro\\base\\server\\app\\helpers.php:9) at X:\\projects\\21 service pro\\base\\server\\app\\helpers.php:7)
[stacktrace]
#0 {main}
"} 
[2021-11-12 14:49:05] local.ERROR: Cannot redeclare getFooter() (previously declared in X:\projects\21 service pro\base\server\app\helpers.php:9) {"exception":"[object] (Symfony\\Component\\ErrorHandler\\Error\\FatalError(code: 0): Cannot redeclare getFooter() (previously declared in X:\\projects\\21 service pro\\base\\server\\app\\helpers.php:9) at X:\\projects\\21 service pro\\base\\server\\app\\helpers.php:7)
[stacktrace]
#0 {main}
"} 
[2021-11-12 14:50:05] local.ERROR: Cannot redeclare getFooter() (previously declared in X:\projects\21 service pro\base\server\app\helpers.php:9) {"exception":"[object] (Symfony\\Component\\ErrorHandler\\Error\\FatalError(code: 0): Cannot redeclare getFooter() (previously declared in X:\\projects\\21 service pro\\base\\server\\app\\helpers.php:9) at X:\\projects\\21 service pro\\base\\server\\app\\helpers.php:7)
[stacktrace]
#0 {main}
"} 
[2021-11-12 14:51:05] local.ERROR: Cannot redeclare getFooter() (previously declared in X:\projects\21 service pro\base\server\app\helpers.php:9) {"exception":"[object] (Symfony\\Component\\ErrorHandler\\Error\\FatalError(code: 0): Cannot redeclare getFooter() (previously declared in X:\\projects\\21 service pro\\base\\server\\app\\helpers.php:9) at X:\\projects\\21 service pro\\base\\server\\app\\helpers.php:7)
[stacktrace]
#0 {main}
"} 
[2021-11-12 14:52:05] local.ERROR: Cannot redeclare getFooter() (previously declared in X:\projects\21 service pro\base\server\app\helpers.php:9) {"exception":"[object] (Symfony\\Component\\ErrorHandler\\Error\\FatalError(code: 0): Cannot redeclare getFooter() (previously declared in X:\\projects\\21 service pro\\base\\server\\app\\helpers.php:9) at X:\\projects\\21 service pro\\base\\server\\app\\helpers.php:7)
[stacktrace]
#0 {main}
"} 
[2021-11-12 14:53:05] local.ERROR: Cannot redeclare getFooter() (previously declared in X:\projects\21 service pro\base\server\app\helpers.php:9) {"exception":"[object] (Symfony\\Component\\ErrorHandler\\Error\\FatalError(code: 0): Cannot redeclare getFooter() (previously declared in X:\\projects\\21 service pro\\base\\server\\app\\helpers.php:9) at X:\\projects\\21 service pro\\base\\server\\app\\helpers.php:7)
[stacktrace]
#0 {main}
"} 
[2021-11-12 14:54:05] local.ERROR: Cannot redeclare getFooter() (previously declared in X:\projects\21 service pro\base\server\app\helpers.php:9) {"exception":"[object] (Symfony\\Component\\ErrorHandler\\Error\\FatalError(code: 0): Cannot redeclare getFooter() (previously declared in X:\\projects\\21 service pro\\base\\server\\app\\helpers.php:9) at X:\\projects\\21 service pro\\base\\server\\app\\helpers.php:7)
[stacktrace]
#0 {main}
"} 
[2021-11-12 14:55:05] local.ERROR: Cannot redeclare getFooter() (previously declared in X:\projects\21 service pro\base\server\app\helpers.php:9) {"exception":"[object] (Symfony\\Component\\ErrorHandler\\Error\\FatalError(code: 0): Cannot redeclare getFooter() (previously declared in X:\\projects\\21 service pro\\base\\server\\app\\helpers.php:9) at X:\\projects\\21 service pro\\base\\server\\app\\helpers.php:7)
[stacktrace]
#0 {main}
"} 
[2021-11-12 14:56:05] local.ERROR: Cannot redeclare getFooter() (previously declared in X:\projects\21 service pro\base\server\app\helpers.php:9) {"exception":"[object] (Symfony\\Component\\ErrorHandler\\Error\\FatalError(code: 0): Cannot redeclare getFooter() (previously declared in X:\\projects\\21 service pro\\base\\server\\app\\helpers.php:9) at X:\\projects\\21 service pro\\base\\server\\app\\helpers.php:7)
[stacktrace]
#0 {main}
"} 
[2021-11-12 14:57:05] local.ERROR: Cannot redeclare getFooter() (previously declared in X:\projects\21 service pro\base\server\app\helpers.php:9) {"exception":"[object] (Symfony\\Component\\ErrorHandler\\Error\\FatalError(code: 0): Cannot redeclare getFooter() (previously declared in X:\\projects\\21 service pro\\base\\server\\app\\helpers.php:9) at X:\\projects\\21 service pro\\base\\server\\app\\helpers.php:7)
[stacktrace]
#0 {main}
"} 
[2021-11-12 14:58:05] local.ERROR: Cannot redeclare getFooter() (previously declared in X:\projects\21 service pro\base\server\app\helpers.php:9) {"exception":"[object] (Symfony\\Component\\ErrorHandler\\Error\\FatalError(code: 0): Cannot redeclare getFooter() (previously declared in X:\\projects\\21 service pro\\base\\server\\app\\helpers.php:9) at X:\\projects\\21 service pro\\base\\server\\app\\helpers.php:7)
[stacktrace]
#0 {main}
"} 
[2021-11-12 14:59:05] local.ERROR: Cannot redeclare getFooter() (previously declared in X:\projects\21 service pro\base\server\app\helpers.php:9) {"exception":"[object] (Symfony\\Component\\ErrorHandler\\Error\\FatalError(code: 0): Cannot redeclare getFooter() (previously declared in X:\\projects\\21 service pro\\base\\server\\app\\helpers.php:9) at X:\\projects\\21 service pro\\base\\server\\app\\helpers.php:7)
[stacktrace]
#0 {main}
"} 
[2021-11-12 15:00:05] local.ERROR: Cannot redeclare getFooter() (previously declared in X:\projects\21 service pro\base\server\app\helpers.php:9) {"exception":"[object] (Symfony\\Component\\ErrorHandler\\Error\\FatalError(code: 0): Cannot redeclare getFooter() (previously declared in X:\\projects\\21 service pro\\base\\server\\app\\helpers.php:9) at X:\\projects\\21 service pro\\base\\server\\app\\helpers.php:7)
[stacktrace]
#0 {main}
"} 
[2021-11-12 15:01:05] local.ERROR: Cannot redeclare getFooter() (previously declared in X:\projects\21 service pro\base\server\app\helpers.php:9) {"exception":"[object] (Symfony\\Component\\ErrorHandler\\Error\\FatalError(code: 0): Cannot redeclare getFooter() (previously declared in X:\\projects\\21 service pro\\base\\server\\app\\helpers.php:9) at X:\\projects\\21 service pro\\base\\server\\app\\helpers.php:7)
[stacktrace]
#0 {main}
"} 
[2021-11-12 15:02:05] local.ERROR: Cannot redeclare getFooter() (previously declared in X:\projects\21 service pro\base\server\app\helpers.php:9) {"exception":"[object] (Symfony\\Component\\ErrorHandler\\Error\\FatalError(code: 0): Cannot redeclare getFooter() (previously declared in X:\\projects\\21 service pro\\base\\server\\app\\helpers.php:9) at X:\\projects\\21 service pro\\base\\server\\app\\helpers.php:7)
[stacktrace]
#0 {main}
"} 
[2021-11-12 15:03:05] local.ERROR: Cannot redeclare getFooter() (previously declared in X:\projects\21 service pro\base\server\app\helpers.php:9) {"exception":"[object] (Symfony\\Component\\ErrorHandler\\Error\\FatalError(code: 0): Cannot redeclare getFooter() (previously declared in X:\\projects\\21 service pro\\base\\server\\app\\helpers.php:9) at X:\\projects\\21 service pro\\base\\server\\app\\helpers.php:7)
[stacktrace]
#0 {main}
"} 
[2021-11-12 15:04:05] local.ERROR: Cannot redeclare getFooter() (previously declared in X:\projects\21 service pro\base\server\app\helpers.php:9) {"exception":"[object] (Symfony\\Component\\ErrorHandler\\Error\\FatalError(code: 0): Cannot redeclare getFooter() (previously declared in X:\\projects\\21 service pro\\base\\server\\app\\helpers.php:9) at X:\\projects\\21 service pro\\base\\server\\app\\helpers.php:7)
[stacktrace]
#0 {main}
"} 
[2021-11-12 15:05:05] local.ERROR: Cannot redeclare getFooter() (previously declared in X:\projects\21 service pro\base\server\app\helpers.php:9) {"exception":"[object] (Symfony\\Component\\ErrorHandler\\Error\\FatalError(code: 0): Cannot redeclare getFooter() (previously declared in X:\\projects\\21 service pro\\base\\server\\app\\helpers.php:9) at X:\\projects\\21 service pro\\base\\server\\app\\helpers.php:7)
[stacktrace]
#0 {main}
"} 
[2021-11-12 15:06:05] local.ERROR: Cannot redeclare getFooter() (previously declared in X:\projects\21 service pro\base\server\app\helpers.php:9) {"exception":"[object] (Symfony\\Component\\ErrorHandler\\Error\\FatalError(code: 0): Cannot redeclare getFooter() (previously declared in X:\\projects\\21 service pro\\base\\server\\app\\helpers.php:9) at X:\\projects\\21 service pro\\base\\server\\app\\helpers.php:7)
[stacktrace]
#0 {main}
"} 
[2021-11-12 15:07:05] local.ERROR: Cannot redeclare getFooter() (previously declared in X:\projects\21 service pro\base\server\app\helpers.php:9) {"exception":"[object] (Symfony\\Component\\ErrorHandler\\Error\\FatalError(code: 0): Cannot redeclare getFooter() (previously declared in X:\\projects\\21 service pro\\base\\server\\app\\helpers.php:9) at X:\\projects\\21 service pro\\base\\server\\app\\helpers.php:7)
[stacktrace]
#0 {main}
"} 
[2021-11-12 15:08:05] local.ERROR: Cannot redeclare getFooter() (previously declared in X:\projects\21 service pro\base\server\app\helpers.php:9) {"exception":"[object] (Symfony\\Component\\ErrorHandler\\Error\\FatalError(code: 0): Cannot redeclare getFooter() (previously declared in X:\\projects\\21 service pro\\base\\server\\app\\helpers.php:9) at X:\\projects\\21 service pro\\base\\server\\app\\helpers.php:7)
[stacktrace]
#0 {main}
"} 
[2021-11-12 15:09:05] local.ERROR: Cannot redeclare getFooter() (previously declared in X:\projects\21 service pro\base\server\app\helpers.php:9) {"exception":"[object] (Symfony\\Component\\ErrorHandler\\Error\\FatalError(code: 0): Cannot redeclare getFooter() (previously declared in X:\\projects\\21 service pro\\base\\server\\app\\helpers.php:9) at X:\\projects\\21 service pro\\base\\server\\app\\helpers.php:7)
[stacktrace]
#0 {main}
"} 
[2021-11-12 15:10:05] local.ERROR: Cannot redeclare getFooter() (previously declared in X:\projects\21 service pro\base\server\app\helpers.php:9) {"exception":"[object] (Symfony\\Component\\ErrorHandler\\Error\\FatalError(code: 0): Cannot redeclare getFooter() (previously declared in X:\\projects\\21 service pro\\base\\server\\app\\helpers.php:9) at X:\\projects\\21 service pro\\base\\server\\app\\helpers.php:7)
[stacktrace]
#0 {main}
"} 
[2021-11-12 15:11:05] local.ERROR: Cannot redeclare getFooter() (previously declared in X:\projects\21 service pro\base\server\app\helpers.php:9) {"exception":"[object] (Symfony\\Component\\ErrorHandler\\Error\\FatalError(code: 0): Cannot redeclare getFooter() (previously declared in X:\\projects\\21 service pro\\base\\server\\app\\helpers.php:9) at X:\\projects\\21 service pro\\base\\server\\app\\helpers.php:7)
[stacktrace]
#0 {main}
"} 
[2021-11-12 15:12:05] local.ERROR: Cannot redeclare getFooter() (previously declared in X:\projects\21 service pro\base\server\app\helpers.php:9) {"exception":"[object] (Symfony\\Component\\ErrorHandler\\Error\\FatalError(code: 0): Cannot redeclare getFooter() (previously declared in X:\\projects\\21 service pro\\base\\server\\app\\helpers.php:9) at X:\\projects\\21 service pro\\base\\server\\app\\helpers.php:7)
[stacktrace]
#0 {main}
"} 
[2021-11-12 15:13:05] local.ERROR: Cannot redeclare getFooter() (previously declared in X:\projects\21 service pro\base\server\app\helpers.php:9) {"exception":"[object] (Symfony\\Component\\ErrorHandler\\Error\\FatalError(code: 0): Cannot redeclare getFooter() (previously declared in X:\\projects\\21 service pro\\base\\server\\app\\helpers.php:9) at X:\\projects\\21 service pro\\base\\server\\app\\helpers.php:7)
[stacktrace]
#0 {main}
"} 
[2021-11-12 15:14:05] local.ERROR: Cannot redeclare getFooter() (previously declared in X:\projects\21 service pro\base\server\app\helpers.php:9) {"exception":"[object] (Symfony\\Component\\ErrorHandler\\Error\\FatalError(code: 0): Cannot redeclare getFooter() (previously declared in X:\\projects\\21 service pro\\base\\server\\app\\helpers.php:9) at X:\\projects\\21 service pro\\base\\server\\app\\helpers.php:7)
[stacktrace]
#0 {main}
"} 
[2021-11-12 15:15:05] local.ERROR: Cannot redeclare getFooter() (previously declared in X:\projects\21 service pro\base\server\app\helpers.php:9) {"exception":"[object] (Symfony\\Component\\ErrorHandler\\Error\\FatalError(code: 0): Cannot redeclare getFooter() (previously declared in X:\\projects\\21 service pro\\base\\server\\app\\helpers.php:9) at X:\\projects\\21 service pro\\base\\server\\app\\helpers.php:7)
[stacktrace]
#0 {main}
"} 
[2021-11-12 15:16:05] local.ERROR: Cannot redeclare getFooter() (previously declared in X:\projects\21 service pro\base\server\app\helpers.php:9) {"exception":"[object] (Symfony\\Component\\ErrorHandler\\Error\\FatalError(code: 0): Cannot redeclare getFooter() (previously declared in X:\\projects\\21 service pro\\base\\server\\app\\helpers.php:9) at X:\\projects\\21 service pro\\base\\server\\app\\helpers.php:7)
[stacktrace]
#0 {main}
"} 
[2021-11-12 15:17:05] local.ERROR: Cannot redeclare getFooter() (previously declared in X:\projects\21 service pro\base\server\app\helpers.php:9) {"exception":"[object] (Symfony\\Component\\ErrorHandler\\Error\\FatalError(code: 0): Cannot redeclare getFooter() (previously declared in X:\\projects\\21 service pro\\base\\server\\app\\helpers.php:9) at X:\\projects\\21 service pro\\base\\server\\app\\helpers.php:7)
[stacktrace]
#0 {main}
"} 
[2021-11-12 15:18:05] local.ERROR: Cannot redeclare getFooter() (previously declared in X:\projects\21 service pro\base\server\app\helpers.php:9) {"exception":"[object] (Symfony\\Component\\ErrorHandler\\Error\\FatalError(code: 0): Cannot redeclare getFooter() (previously declared in X:\\projects\\21 service pro\\base\\server\\app\\helpers.php:9) at X:\\projects\\21 service pro\\base\\server\\app\\helpers.php:7)
[stacktrace]
#0 {main}
"} 
[2021-11-12 15:19:05] local.ERROR: Cannot redeclare getFooter() (previously declared in X:\projects\21 service pro\base\server\app\helpers.php:9) {"exception":"[object] (Symfony\\Component\\ErrorHandler\\Error\\FatalError(code: 0): Cannot redeclare getFooter() (previously declared in X:\\projects\\21 service pro\\base\\server\\app\\helpers.php:9) at X:\\projects\\21 service pro\\base\\server\\app\\helpers.php:7)
[stacktrace]
#0 {main}
"} 
[2021-11-12 15:20:05] local.ERROR: Cannot redeclare getFooter() (previously declared in X:\projects\21 service pro\base\server\app\helpers.php:9) {"exception":"[object] (Symfony\\Component\\ErrorHandler\\Error\\FatalError(code: 0): Cannot redeclare getFooter() (previously declared in X:\\projects\\21 service pro\\base\\server\\app\\helpers.php:9) at X:\\projects\\21 service pro\\base\\server\\app\\helpers.php:7)
[stacktrace]
#0 {main}
"} 
[2021-11-12 15:20:16] local.ERROR: There are no commands defined in the "optimzie" namespace.

Did you mean this?
    optimize {"exception":"[object] (Symfony\\Component\\Console\\Exception\\NamespaceNotFoundException(code: 0): There are no commands defined in the \"optimzie\" namespace.

Did you mean this?
    optimize at X:\\projects\\21 service pro\\base\\server\\vendor\\symfony\\console\\Application.php:612)
[stacktrace]
#0 X:\\projects\\21 service pro\\base\\server\\vendor\\symfony\\console\\Application.php(663): Symfony\\Component\\Console\\Application->findNamespace('optimzie')
#1 X:\\projects\\21 service pro\\base\\server\\vendor\\symfony\\console\\Application.php(255): Symfony\\Component\\Console\\Application->find('optimzie:celar')
#2 X:\\projects\\21 service pro\\base\\server\\vendor\\symfony\\console\\Application.php(167): Symfony\\Component\\Console\\Application->doRun(Object(Symfony\\Component\\Console\\Input\\ArgvInput), Object(Symfony\\Component\\Console\\Output\\ConsoleOutput))
#3 X:\\projects\\21 service pro\\base\\server\\vendor\\laravel\\framework\\src\\Illuminate\\Console\\Application.php(92): Symfony\\Component\\Console\\Application->run(Object(Symfony\\Component\\Console\\Input\\ArgvInput), Object(Symfony\\Component\\Console\\Output\\ConsoleOutput))
#4 X:\\projects\\21 service pro\\base\\server\\vendor\\laravel\\framework\\src\\Illuminate\\Foundation\\Console\\Kernel.php(129): Illuminate\\Console\\Application->run(Object(Symfony\\Component\\Console\\Input\\ArgvInput), Object(Symfony\\Component\\Console\\Output\\ConsoleOutput))
#5 X:\\projects\\21 service pro\\base\\server\\artisan(37): Illuminate\\Foundation\\Console\\Kernel->handle(Object(Symfony\\Component\\Console\\Input\\ArgvInput), Object(Symfony\\Component\\Console\\Output\\ConsoleOutput))
#6 {main}
"} 
[2021-11-12 15:21:05] local.ERROR: Cannot redeclare getFooter() (previously declared in X:\projects\21 service pro\base\server\app\helpers.php:9) {"exception":"[object] (Symfony\\Component\\ErrorHandler\\Error\\FatalError(code: 0): Cannot redeclare getFooter() (previously declared in X:\\projects\\21 service pro\\base\\server\\app\\helpers.php:9) at X:\\projects\\21 service pro\\base\\server\\app\\helpers.php:7)
[stacktrace]
#0 {main}
"} 
[2021-11-12 15:22:05] local.ERROR: Cannot redeclare getFooter() (previously declared in X:\projects\21 service pro\base\server\app\helpers.php:9) {"exception":"[object] (Symfony\\Component\\ErrorHandler\\Error\\FatalError(code: 0): Cannot redeclare getFooter() (previously declared in X:\\projects\\21 service pro\\base\\server\\app\\helpers.php:9) at X:\\projects\\21 service pro\\base\\server\\app\\helpers.php:7)
[stacktrace]
#0 {main}
"} 
[2021-11-12 15:23:05] local.ERROR: Cannot redeclare getFooter() (previously declared in X:\projects\21 service pro\base\server\app\helpers.php:9) {"exception":"[object] (Symfony\\Component\\ErrorHandler\\Error\\FatalError(code: 0): Cannot redeclare getFooter() (previously declared in X:\\projects\\21 service pro\\base\\server\\app\\helpers.php:9) at X:\\projects\\21 service pro\\base\\server\\app\\helpers.php:7)
[stacktrace]
#0 {main}
"} 
[2021-11-12 15:24:05] local.ERROR: Cannot redeclare getFooter() (previously declared in X:\projects\21 service pro\base\server\app\helpers.php:9) {"exception":"[object] (Symfony\\Component\\ErrorHandler\\Error\\FatalError(code: 0): Cannot redeclare getFooter() (previously declared in X:\\projects\\21 service pro\\base\\server\\app\\helpers.php:9) at X:\\projects\\21 service pro\\base\\server\\app\\helpers.php:7)
[stacktrace]
#0 {main}
"} 
[2021-11-12 15:25:05] local.ERROR: Cannot redeclare getFooter() (previously declared in X:\projects\21 service pro\base\server\app\helpers.php:9) {"exception":"[object] (Symfony\\Component\\ErrorHandler\\Error\\FatalError(code: 0): Cannot redeclare getFooter() (previously declared in X:\\projects\\21 service pro\\base\\server\\app\\helpers.php:9) at X:\\projects\\21 service pro\\base\\server\\app\\helpers.php:7)
[stacktrace]
#0 {main}
"} 
[2021-11-12 15:26:05] local.ERROR: Cannot redeclare getFooter() (previously declared in X:\projects\21 service pro\base\server\app\helpers.php:9) {"exception":"[object] (Symfony\\Component\\ErrorHandler\\Error\\FatalError(code: 0): Cannot redeclare getFooter() (previously declared in X:\\projects\\21 service pro\\base\\server\\app\\helpers.php:9) at X:\\projects\\21 service pro\\base\\server\\app\\helpers.php:7)
[stacktrace]
#0 {main}
"} 
[2021-11-12 15:27:05] local.ERROR: Cannot redeclare getFooter() (previously declared in X:\projects\21 service pro\base\server\app\helpers.php:9) {"exception":"[object] (Symfony\\Component\\ErrorHandler\\Error\\FatalError(code: 0): Cannot redeclare getFooter() (previously declared in X:\\projects\\21 service pro\\base\\server\\app\\helpers.php:9) at X:\\projects\\21 service pro\\base\\server\\app\\helpers.php:7)
[stacktrace]
#0 {main}
"} 
[2021-11-12 15:28:05] local.ERROR: Cannot redeclare getFooter() (previously declared in X:\projects\21 service pro\base\server\app\helpers.php:9) {"exception":"[object] (Symfony\\Component\\ErrorHandler\\Error\\FatalError(code: 0): Cannot redeclare getFooter() (previously declared in X:\\projects\\21 service pro\\base\\server\\app\\helpers.php:9) at X:\\projects\\21 service pro\\base\\server\\app\\helpers.php:7)
[stacktrace]
#0 {main}
"} 
[2021-11-12 15:29:05] local.ERROR: Cannot redeclare getFooter() (previously declared in X:\projects\21 service pro\base\server\app\helpers.php:9) {"exception":"[object] (Symfony\\Component\\ErrorHandler\\Error\\FatalError(code: 0): Cannot redeclare getFooter() (previously declared in X:\\projects\\21 service pro\\base\\server\\app\\helpers.php:9) at X:\\projects\\21 service pro\\base\\server\\app\\helpers.php:7)
[stacktrace]
#0 {main}
"} 
[2021-11-12 15:30:05] local.ERROR: Cannot redeclare getFooter() (previously declared in X:\projects\21 service pro\base\server\app\helpers.php:9) {"exception":"[object] (Symfony\\Component\\ErrorHandler\\Error\\FatalError(code: 0): Cannot redeclare getFooter() (previously declared in X:\\projects\\21 service pro\\base\\server\\app\\helpers.php:9) at X:\\projects\\21 service pro\\base\\server\\app\\helpers.php:7)
[stacktrace]
#0 {main}
"} 
